[2023-11-06T20:06:08.038+0000] {taskinstance.py:1159} INFO - Dependencies all met for dep_context=non-requeueable deps ti=<TaskInstance: ETL_Processing.load manual__2023-11-06T20:05:33.156600+00:00 [queued]>
[2023-11-06T20:06:08.054+0000] {taskinstance.py:1159} INFO - Dependencies all met for dep_context=requeueable deps ti=<TaskInstance: ETL_Processing.load manual__2023-11-06T20:05:33.156600+00:00 [queued]>
[2023-11-06T20:06:08.055+0000] {taskinstance.py:1361} INFO - Starting attempt 1 of 1
[2023-11-06T20:06:08.077+0000] {taskinstance.py:1382} INFO - Executing <Task(BashOperator): load> on 2023-11-06 20:05:33.156600+00:00
[2023-11-06T20:06:08.086+0000] {standard_task_runner.py:57} INFO - Started process 103 to run task
[2023-11-06T20:06:08.091+0000] {standard_task_runner.py:84} INFO - Running: ['***', 'tasks', 'run', 'ETL_Processing', 'load', 'manual__2023-11-06T20:05:33.156600+00:00', '--job-id', '31', '--raw', '--subdir', 'DAGS_FOLDER/ETL_Python.py', '--cfg-path', '/tmp/tmp5p0zvo3s']
[2023-11-06T20:06:08.097+0000] {standard_task_runner.py:85} INFO - Job 31: Subtask load
[2023-11-06T20:06:08.180+0000] {task_command.py:416} INFO - Running <TaskInstance: ETL_Processing.load manual__2023-11-06T20:05:33.156600+00:00 [running]> on host 07361dfe1645
[2023-11-06T20:06:08.324+0000] {taskinstance.py:1662} INFO - Exporting env vars: AIRFLOW_CTX_DAG_OWNER='Mike Lozada' AIRFLOW_CTX_DAG_ID='ETL_Processing' AIRFLOW_CTX_TASK_ID='load' AIRFLOW_CTX_EXECUTION_DATE='2023-11-06T20:05:33.156600+00:00' AIRFLOW_CTX_TRY_NUMBER='1' AIRFLOW_CTX_DAG_RUN_ID='manual__2023-11-06T20:05:33.156600+00:00'
[2023-11-06T20:06:08.328+0000] {subprocess.py:63} INFO - Tmp dir root location: /tmp
[2023-11-06T20:06:08.329+0000] {subprocess.py:75} INFO - Running command: ['/bin/bash', '-c', 'tar -czvf capitalized.txt.tar.gz /opt/***/processed_data']
[2023-11-06T20:06:08.346+0000] {subprocess.py:86} INFO - Output:
[2023-11-06T20:06:08.379+0000] {subprocess.py:93} INFO - tar: Removing leading `/' from member names
[2023-11-06T20:06:08.381+0000] {subprocess.py:93} INFO - /opt/***/processed_data/
[2023-11-06T20:06:08.385+0000] {subprocess.py:93} INFO - /opt/***/processed_data/capitalized.txt
[2023-11-06T20:06:08.386+0000] {subprocess.py:93} INFO - /opt/***/processed_data/extracted.txt
[2023-11-06T20:06:08.392+0000] {subprocess.py:97} INFO - Command exited with return code 0
[2023-11-06T20:06:08.437+0000] {taskinstance.py:1400} INFO - Marking task as SUCCESS. dag_id=ETL_Processing, task_id=load, execution_date=20231106T200533, start_date=20231106T200608, end_date=20231106T200608
[2023-11-06T20:06:08.467+0000] {local_task_job_runner.py:228} INFO - Task exited with return code 0
[2023-11-06T20:06:08.507+0000] {taskinstance.py:2778} INFO - 0 downstream tasks scheduled from follow-on schedule check
